<?xml version="1.0" encoding="UTF-8"?>
<robot generator="Robot 6.1 (Python 3.10.11 on win32)" generated="20230720 21:15:04.847" rpa="false" schemaversion="4">
<suite id="s1" name="Test" source="D:\test_gab\TestCases\test.robot">
<kw name="Open a Browser" library="global_keywords" type="SETUP">
<kw name="Open Browser" library="SeleniumLibrary">
<arg>${url}</arg>
<arg>${browser}</arg>
<doc>Opens a new browser instance to the optional ``url``.</doc>
<msg timestamp="20230720 21:15:05.052" level="INFO">Opening browser 'chrome' to base url 'https://www.amaysim.com.au/my-account/my-amaysim/services'.</msg>
<status status="PASS" starttime="20230720 21:15:05.051" endtime="20230720 21:15:27.318"/>
</kw>
<kw name="Maximize Browser Window" library="SeleniumLibrary">
<doc>Maximizes current browser window.</doc>
<status status="PASS" starttime="20230720 21:15:27.318" endtime="20230720 21:15:27.435"/>
</kw>
<kw name="Wait Until Element Is Visible" library="SeleniumLibrary">
<arg>${username_textbox}</arg>
<doc>Waits until the element ``locator`` is visible.</doc>
<status status="PASS" starttime="20230720 21:15:27.435" endtime="20230720 21:15:27.459"/>
</kw>
<status status="PASS" starttime="20230720 21:15:05.051" endtime="20230720 21:15:27.459"/>
</kw>
<test id="s1-t1" name="Login to Ameysim" line="9">
<kw name="Input Text" library="SeleniumLibrary">
<arg>${username_textbox}</arg>
<arg>${username}</arg>
<doc>Types the given ``text`` into the text field identified by ``locator``.</doc>
<msg timestamp="20230720 21:15:27.461" level="INFO">Typing text '0466134574' into text field '//input[@id='username']'.</msg>
<status status="PASS" starttime="20230720 21:15:27.461" endtime="20230720 21:15:27.559"/>
</kw>
<kw name="Input Text" library="SeleniumLibrary">
<arg>${password_textbox}</arg>
<arg>${password}</arg>
<doc>Types the given ``text`` into the text field identified by ``locator``.</doc>
<msg timestamp="20230720 21:15:27.560" level="INFO">Typing text 'AWqasde321' into text field '//input[@id='password']'.</msg>
<status status="PASS" starttime="20230720 21:15:27.559" endtime="20230720 21:15:27.650"/>
</kw>
<kw name="Click Button" library="SeleniumLibrary">
<arg>${login_button}</arg>
<doc>Clicks the button identified by ``locator``.</doc>
<msg timestamp="20230720 21:15:27.651" level="INFO">Clicking button '//button[@type='submit']'.</msg>
<status status="PASS" starttime="20230720 21:15:27.650" endtime="20230720 21:15:27.718"/>
</kw>
<kw name="Sleep" library="BuiltIn">
<arg>5s</arg>
<doc>Pauses the test executed for the given time.</doc>
<msg timestamp="20230720 21:15:32.730" level="INFO">Slept 5 seconds</msg>
<status status="PASS" starttime="20230720 21:15:27.718" endtime="20230720 21:15:32.730"/>
</kw>
<kw name="Validate that User is on Dashboard" library="global_keywords">
<kw name="Go To" library="SeleniumLibrary">
<arg>${url}</arg>
<doc>Navigates the current browser window to the provided ``url``.</doc>
<msg timestamp="20230720 21:15:32.731" level="INFO">Opening url 'https://www.amaysim.com.au/my-account/my-amaysim/services'</msg>
<status status="PASS" starttime="20230720 21:15:32.730" endtime="20230720 21:16:05.554"/>
</kw>
<kw name="Element Should Be Visible" library="SeleniumLibrary">
<arg>${logout_link}</arg>
<doc>Verifies that the element identified by ``locator`` is visible.</doc>
<msg timestamp="20230720 21:16:05.584" level="INFO">Element '//*[@id="root"]/div/div/div/a' is displayed.</msg>
<status status="PASS" starttime="20230720 21:16:05.555" endtime="20230720 21:16:05.584"/>
</kw>
<kw name="Sleep" library="BuiltIn">
<arg>5s</arg>
<doc>Pauses the test executed for the given time.</doc>
<msg timestamp="20230720 21:16:10.598" level="INFO">Slept 5 seconds</msg>
<status status="PASS" starttime="20230720 21:16:05.584" endtime="20230720 21:16:10.598"/>
</kw>
<status status="PASS" starttime="20230720 21:15:32.730" endtime="20230720 21:16:10.598"/>
</kw>
<status status="PASS" starttime="20230720 21:15:27.460" endtime="20230720 21:16:10.598"/>
</test>
<status status="PASS" starttime="20230720 21:15:04.849" endtime="20230720 21:16:10.599"/>
</suite>
<statistics>
<total>
<stat pass="1" fail="0" skip="0">All Tests</stat>
</total>
<tag>
</tag>
<suite>
<stat pass="1" fail="0" skip="0" id="s1" name="Test">Test</stat>
</suite>
</statistics>
<errors>
</errors>
</robot>
